# JRE version: OpenJDK Runtime Environment (11.0.7+10) (build 11.0.7+10)
# Java VM: OpenJDK 64-Bit Server VM (11.0.7+10, mixed mode, tiered, compressed oops, g1 gc, bsd-amd64)
Heap:
 garbage-first heap   total 262144K, used 219296K [0x00000007e0000000, 0x0000000800000000)
  region size 1024K, 101 young (103424K), 4 survivors (4096K)
 Metaspace       used 105349K, capacity 107760K, committed 107980K, reserved 1144832K
  class space    used 11612K, capacity 12468K, committed 12568K, reserved 1048576K
GC Heap History (20 events):
Event: 30.566 GC heap before
{Heap before GC invocations=33 (full 0):
 garbage-first heap   total 262144K, used 221113K [0x00000007e0000000, 0x0000000800000000)
  region size 1024K, 124 young (126976K), 14 survivors (14336K)
 Metaspace       used 97787K, capacity 99881K, committed 100044K, reserved 1138688K
  class space    used 10778K, capacity 11517K, committed 11544K, reserved 1048576K
}
Event: 30.577 GC heap after
{Heap after GC invocations=34 (full 0):
 garbage-first heap   total 262144K, used 112250K [0x00000007e0000000, 0x0000000800000000)
  region size 1024K, 10 young (10240K), 10 survivors (10240K)
 Metaspace       used 97787K, capacity 99881K, committed 100044K, reserved 1138688K
  class space    used 10778K, capacity 11517K, committed 11544K, reserved 1048576K
}
Event: 31.836 GC heap before
{Heap before GC invocations=34 (full 0):
 garbage-first heap   total 262144K, used 222842K [0x00000007e0000000, 0x0000000800000000)
  region size 1024K, 118 young (120832K), 10 survivors (10240K)
 Metaspace       used 102949K, capacity 105242K, committed 105420K, reserved 1142784K
  class space    used 11426K, capacity 12255K, committed 12312K, reserved 1048576K
}
Event: 31.843 GC heap after
{Heap after GC invocations=35 (full 0):
 garbage-first heap   total 262144K, used 112389K [0x00000007e0000000, 0x0000000800000000)
  region size 1024K, 6 young (6144K), 6 survivors (6144K)
 Metaspace       used 102949K, capacity 105242K, committed 105420K, reserved 1142784K
  class space    used 11426K, capacity 12255K, committed 12312K, reserved 1048576K
}
Event: 32.827 GC heap before
{Heap before GC invocations=35 (full 0):
 garbage-first heap   total 262144K, used 224005K [0x00000007e0000000, 0x0000000800000000)
  region size 1024K, 115 young (117760K), 6 survivors (6144K)
 Metaspace       used 104874K, capacity 107285K, committed 107468K, reserved 1144832K
  class space    used 11596K, capacity 12454K, committed 12568K, reserved 1048576K
}
Event: 32.835 GC heap after
{Heap after GC invocations=36 (full 0):
 garbage-first heap   total 262144K, used 114885K [0x00000007e0000000, 0x0000000800000000)
  region size 1024K, 8 young (8192K), 8 survivors (8192K)
 Metaspace       used 104874K, capacity 107285K, committed 107468K, reserved 1144832K
  class space    used 11596K, capacity 12454K, committed 12568K, reserved 1048576K
}
Event: 33.558 GC heap before
{Heap before GC invocations=36 (full 0):
 garbage-first heap   total 262144K, used 224453K [0x00000007e0000000, 0x0000000800000000)
  region size 1024K, 115 young (117760K), 8 survivors (8192K)
 Metaspace       used 104904K, capacity 107293K, committed 107468K, reserved 1144832K
  class space    used 11597K, capacity 12455K, committed 12568K, reserved 1048576K
}
Event: 33.571 GC heap after
{Heap after GC invocations=37 (full 0):
 garbage-first heap   total 262144K, used 118951K [0x00000007e0000000, 0x0000000800000000)
  region size 1024K, 12 young (12288K), 12 survivors (12288K)
 Metaspace       used 104904K, capacity 107293K, committed 107468K, reserved 1144832K
  class space    used 11597K, capacity 12455K, committed 12568K, reserved 1048576K
}
Event: 33.989 GC heap before
{Heap before GC invocations=37 (full 0):
 garbage-first heap   total 262144K, used 222375K [0x00000007e0000000, 0x0000000800000000)
  region size 1024K, 113 young (115712K), 12 survivors (12288K)
 Metaspace       used 104982K, capacity 107358K, committed 107724K, reserved 1144832K
  class space    used 11603K, capacity 12455K, committed 12568K, reserved 1048576K
}
Event: 33.999 GC heap after
{Heap after GC invocations=38 (full 0):
 garbage-first heap   total 262144K, used 120499K [0x00000007e0000000, 0x0000000800000000)
  region size 1024K, 9 young (9216K), 9 survivors (9216K)
 Metaspace       used 104982K, capacity 107358K, committed 107724K, reserved 1144832K
  class space    used 11603K, capacity 12455K, committed 12568K, reserved 1048576K
}
Event: 35.500 GC heap before
{Heap before GC invocations=38 (full 0):
 garbage-first heap   total 262144K, used 224947K [0x00000007e0000000, 0x0000000800000000)
  region size 1024K, 111 young (113664K), 9 survivors (9216K)
 Metaspace       used 105182K, capacity 107596K, committed 107980K, reserved 1144832K
  class space    used 11608K, capacity 12462K, committed 12568K, reserved 1048576K
}
Event: 35.507 GC heap after
{Heap after GC invocations=39 (full 0):
 garbage-first heap   total 262144K, used 123572K [0x00000007e0000000, 0x0000000800000000)
  region size 1024K, 9 young (9216K), 9 survivors (9216K)
 Metaspace       used 105182K, capacity 107596K, committed 107980K, reserved 1144832K
  class space    used 11608K, capacity 12462K, committed 12568K, reserved 1048576K
}
Event: 35.643 GC heap before
{Heap before GC invocations=39 (full 0):
 garbage-first heap   total 262144K, used 143028K [0x00000007e0000000, 0x0000000800000000)
  region size 1024K, 28 young (28672K), 9 survivors (9216K)
 Metaspace       used 105233K, capacity 107665K, committed 107980K, reserved 1144832K
  class space    used 11608K, capacity 12462K, committed 12568K, reserved 1048576K
}
Event: 35.649 GC heap after
{Heap after GC invocations=40 (full 0):
 garbage-first heap   total 262144K, used 125955K [0x00000007e0000000, 0x0000000800000000)
  region size 1024K, 9 young (9216K), 9 survivors (9216K)
 Metaspace       used 105233K, capacity 107665K, committed 107980K, reserved 1144832K
  class space    used 11608K, capacity 12462K, committed 12568K, reserved 1048576K
}
Event: 36.888 GC heap before
{Heap before GC invocations=41 (full 0):
 garbage-first heap   total 262144K, used 223235K [0x00000007e0000000, 0x0000000800000000)
  region size 1024K, 103 young (105472K), 9 survivors (9216K)
 Metaspace       used 105211K, capacity 107616K, committed 107980K, reserved 1144832K
  class space    used 11604K, capacity 12453K, committed 12568K, reserved 1048576K
}
Event: 36.894 GC heap after
{Heap after GC invocations=42 (full 0):
 garbage-first heap   total 262144K, used 124682K [0x00000007e0000000, 0x0000000800000000)
  region size 1024K, 6 young (6144K), 6 survivors (6144K)
 Metaspace       used 105211K, capacity 107616K, committed 107980K, reserved 1144832K
  class space    used 11604K, capacity 12453K, committed 12568K, reserved 1048576K
}
Event: 36.943 GC heap before
{Heap before GC invocations=42 (full 0):
 garbage-first heap   total 262144K, used 130826K [0x00000007e0000000, 0x0000000800000000)
  region size 1024K, 12 young (12288K), 6 survivors (6144K)
 Metaspace       used 105212K, capacity 107616K, committed 107980K, reserved 1144832K
  class space    used 11604K, capacity 12453K, committed 12568K, reserved 1048576K
}
Event: 36.948 GC heap after
{Heap after GC invocations=43 (full 0):
 garbage-first heap   total 262144K, used 118731K [0x00000007e0000000, 0x0000000800000000)
  region size 1024K, 2 young (2048K), 2 survivors (2048K)
 Metaspace       used 105212K, capacity 107616K, committed 107980K, reserved 1144832K
  class space    used 11604K, capacity 12453K, committed 12568K, reserved 1048576K
}
Event: 38.049 GC heap before
{Heap before GC invocations=43 (full 0):
 garbage-first heap   total 262144K, used 223179K [0x00000007e0000000, 0x0000000800000000)
  region size 1024K, 104 young (106496K), 2 survivors (2048K)
 Metaspace       used 105302K, capacity 107732K, committed 107980K, reserved 1144832K
  class space    used 11608K, capacity 12462K, committed 12568K, reserved 1048576K
}
Event: 38.054 GC heap after
{Heap after GC invocations=44 (full 0):
 garbage-first heap   total 262144K, used 120992K [0x00000007e0000000, 0x0000000800000000)
  region size 1024K, 4 young (4096K), 4 survivors (4096K)
 Metaspace       used 105302K, capacity 107732K, committed 107980K, reserved 1144832K
  class space    used 11608K, capacity 12462K, committed 12568K, reserved 1048576K
}

