# JRE version: Java(TM) SE Runtime Environment 18.9 (11.0.7+8) (build 11.0.7+8-LTS)
# Java VM: Java HotSpot(TM) 64-Bit Server VM 18.9 (11.0.7+8-LTS, mixed mode, tiered, compressed oops, g1 gc, bsd-amd64)
Heap:
 garbage-first heap   total 262144K, used 153876K [0x00000007e0000000, 0x0000000800000000)
  region size 1024K, 29 young (29696K), 5 survivors (5120K)
 Metaspace       used 116257K, capacity 118787K, committed 118912K, reserved 1155072K
  class space    used 12816K, capacity 13764K, committed 13772K, reserved 1048576K
GC Heap History (10 events):
Event: 37.053 GC heap before
{Heap before GC invocations=49 (full 0):
 garbage-first heap   total 262144K, used 136954K [0x00000007e0000000, 0x0000000800000000)
  region size 1024K, 12 young (12288K), 8 survivors (8192K)
 Metaspace       used 110275K, capacity 112667K, committed 112896K, reserved 1148928K
  class space    used 12171K, capacity 13062K, committed 13132K, reserved 1048576K
}
Event: 37.060 GC heap after
{Heap after GC invocations=50 (full 0):
 garbage-first heap   total 262144K, used 132804K [0x00000007e0000000, 0x0000000800000000)
  region size 1024K, 2 young (2048K), 2 survivors (2048K)
 Metaspace       used 110275K, capacity 112667K, committed 112896K, reserved 1148928K
  class space    used 12171K, capacity 13062K, committed 13132K, reserved 1048576K
}
Event: 37.981 GC heap before
{Heap before GC invocations=50 (full 0):
 garbage-first heap   total 262144K, used 222916K [0x00000007e0000000, 0x0000000800000000)
  region size 1024K, 90 young (92160K), 2 survivors (2048K)
 Metaspace       used 112546K, capacity 114973K, committed 115200K, reserved 1150976K
  class space    used 12381K, capacity 13270K, committed 13388K, reserved 1048576K
}
Event: 37.986 GC heap after
{Heap after GC invocations=51 (full 0):
 garbage-first heap   total 262144K, used 135833K [0x00000007e0000000, 0x0000000800000000)
  region size 1024K, 5 young (5120K), 5 survivors (5120K)
 Metaspace       used 112546K, capacity 114973K, committed 115200K, reserved 1150976K
  class space    used 12381K, capacity 13270K, committed 13388K, reserved 1048576K
}
Event: 38.341 GC heap before
{Heap before GC invocations=52 (full 0):
 garbage-first heap   total 262144K, used 220825K [0x00000007e0000000, 0x0000000800000000)
  region size 1024K, 90 young (92160K), 5 survivors (5120K)
 Metaspace       used 115191K, capacity 117604K, committed 117760K, reserved 1153024K
  class space    used 12693K, capacity 13590K, committed 13644K, reserved 1048576K
}
Event: 38.346 GC heap after
{Heap after GC invocations=53 (full 0):
 garbage-first heap   total 262144K, used 135895K [0x00000007e0000000, 0x0000000800000000)
  region size 1024K, 6 young (6144K), 6 survivors (6144K)
 Metaspace       used 115191K, capacity 117604K, committed 117760K, reserved 1153024K
  class space    used 12693K, capacity 13590K, committed 13644K, reserved 1048576K
}
Event: 38.367 GC heap before
{Heap before GC invocations=53 (full 0):
 garbage-first heap   total 262144K, used 141015K [0x00000007e0000000, 0x0000000800000000)
  region size 1024K, 12 young (12288K), 6 survivors (6144K)
 Metaspace       used 115287K, capacity 117744K, committed 118016K, reserved 1153024K
  class space    used 12697K, capacity 13593K, committed 13644K, reserved 1048576K
}
Event: 38.377 GC heap after
{Heap after GC invocations=54 (full 0):
 garbage-first heap   total 262144K, used 126736K [0x00000007e0000000, 0x0000000800000000)
  region size 1024K, 1 young (1024K), 1 survivors (1024K)
 Metaspace       used 115287K, capacity 117744K, committed 118016K, reserved 1153024K
  class space    used 12697K, capacity 13593K, committed 13644K, reserved 1048576K
}
Event: 38.856 GC heap before
{Heap before GC invocations=54 (full 0):
 garbage-first heap   total 262144K, used 224016K [0x00000007e0000000, 0x0000000800000000)
  region size 1024K, 96 young (98304K), 1 survivors (1024K)
 Metaspace       used 116256K, capacity 118787K, committed 118912K, reserved 1155072K
  class space    used 12816K, capacity 13764K, committed 13772K, reserved 1048576K
}
Event: 38.861 GC heap after
{Heap after GC invocations=55 (full 0):
 garbage-first heap   total 262144K, used 130324K [0x00000007e0000000, 0x0000000800000000)
  region size 1024K, 5 young (5120K), 5 survivors (5120K)
 Metaspace       used 116256K, capacity 118787K, committed 118912K, reserved 1155072K
  class space    used 12816K, capacity 13764K, committed 13772K, reserved 1048576K
}

