# JRE version: OpenJDK Runtime Environment (11.0.4+10) (build 11.0.4+10-b304.69)
# Java VM: OpenJDK 64-Bit Server VM (11.0.4+10-b304.69, mixed mode, tiered, compressed oops, g1 gc, bsd-amd64)
Heap:
 garbage-first heap   total 262144K, used 212416K [0x00000007e0000000, 0x0000000800000000)
  region size 1024K, 97 young (99328K), 8 survivors (8192K)
 Metaspace       used 105814K, capacity 108224K, committed 108408K, reserved 1144832K
  class space    used 11636K, capacity 12484K, committed 12544K, reserved 1048576K
GC Heap History (10 events):
Event: 31.073 GC heap before
{Heap before GC invocations=36 (full 0):
 garbage-first heap   total 262144K, used 223154K [0x00000007e0000000, 0x0000000800000000)
  region size 1024K, 111 young (113664K), 2 survivors (2048K)
 Metaspace       used 105107K, capacity 107482K, committed 107640K, reserved 1144832K
  class space    used 11612K, capacity 12456K, committed 12544K, reserved 1048576K
}
Event: 31.081 GC heap after
{Heap after GC invocations=37 (full 0):
 garbage-first heap   total 262144K, used 114831K [0x00000007e0000000, 0x0000000800000000)
  region size 1024K, 5 young (5120K), 5 survivors (5120K)
 Metaspace       used 105107K, capacity 107482K, committed 107640K, reserved 1144832K
  class space    used 11612K, capacity 12456K, committed 12544K, reserved 1048576K
}
Event: 31.680 GC heap before
{Heap before GC invocations=37 (full 0):
 garbage-first heap   total 262144K, used 223375K [0x00000007e0000000, 0x0000000800000000)
  region size 1024K, 111 young (113664K), 5 survivors (5120K)
 Metaspace       used 105207K, capacity 107572K, committed 107896K, reserved 1144832K
  class space    used 11619K, capacity 12459K, committed 12544K, reserved 1048576K
}
Event: 31.686 GC heap after
{Heap after GC invocations=38 (full 0):
 garbage-first heap   total 262144K, used 115938K [0x00000007e0000000, 0x0000000800000000)
  region size 1024K, 6 young (6144K), 6 survivors (6144K)
 Metaspace       used 105207K, capacity 107572K, committed 107896K, reserved 1144832K
  class space    used 11619K, capacity 12459K, committed 12544K, reserved 1048576K
}
Event: 33.598 GC heap before
{Heap before GC invocations=38 (full 0):
 garbage-first heap   total 262144K, used 227554K [0x00000007e0000000, 0x0000000800000000)
  region size 1024K, 112 young (114688K), 6 survivors (6144K)
 Metaspace       used 105465K, capacity 107801K, committed 107896K, reserved 1144832K
  class space    used 11624K, capacity 12465K, committed 12544K, reserved 1048576K
}
Event: 33.606 GC heap after
{Heap after GC invocations=39 (full 0):
 garbage-first heap   total 262144K, used 119230K [0x00000007e0000000, 0x0000000800000000)
  region size 1024K, 9 young (9216K), 9 survivors (9216K)
 Metaspace       used 105465K, capacity 107801K, committed 107896K, reserved 1144832K
  class space    used 11624K, capacity 12465K, committed 12544K, reserved 1048576K
}
Event: 35.143 GC heap before
{Heap before GC invocations=39 (full 0):
 garbage-first heap   total 262144K, used 223678K [0x00000007e0000000, 0x0000000800000000)
  region size 1024K, 111 young (113664K), 9 survivors (9216K)
 Metaspace       used 105538K, capacity 107881K, committed 108152K, reserved 1144832K
  class space    used 11626K, capacity 12467K, committed 12544K, reserved 1048576K
}
Event: 35.152 GC heap after
{Heap after GC invocations=40 (full 0):
 garbage-first heap   total 262144K, used 120717K [0x00000007e0000000, 0x0000000800000000)
  region size 1024K, 8 young (8192K), 8 survivors (8192K)
 Metaspace       used 105538K, capacity 107881K, committed 108152K, reserved 1144832K
  class space    used 11626K, capacity 12467K, committed 12544K, reserved 1048576K
}
Event: 36.255 GC heap before
{Heap before GC invocations=40 (full 0):
 garbage-first heap   total 262144K, used 225165K [0x00000007e0000000, 0x0000000800000000)
  region size 1024K, 110 young (112640K), 8 survivors (8192K)
 Metaspace       used 105729K, capacity 108131K, committed 108408K, reserved 1144832K
  class space    used 11633K, capacity 12478K, committed 12544K, reserved 1048576K
}
Event: 36.261 GC heap after
{Heap after GC invocations=41 (full 0):
 garbage-first heap   total 262144K, used 122304K [0x00000007e0000000, 0x0000000800000000)
  region size 1024K, 8 young (8192K), 8 survivors (8192K)
 Metaspace       used 105729K, capacity 108131K, committed 108408K, reserved 1144832K
  class space    used 11633K, capacity 12478K, committed 12544K, reserved 1048576K
}

