# JRE version: Java(TM) SE Runtime Environment 18.9 (11.0.7+8) (build 11.0.7+8-LTS)
# Java VM: Java HotSpot(TM) 64-Bit Server VM 18.9 (11.0.7+8-LTS, mixed mode, tiered, compressed oops, g1 gc, bsd-amd64)
Heap:
 garbage-first heap   total 262144K, used 218557K [0x00000007e0000000, 0x0000000800000000)
  region size 1024K, 90 young (92160K), 5 survivors (5120K)
 Metaspace       used 116082K, capacity 118628K, committed 118912K, reserved 1155072K
  class space    used 12793K, capacity 13731K, committed 13772K, reserved 1048576K
GC Heap History (10 events):
Event: 31.239 GC heap before
{Heap before GC invocations=44 (full 0):
 garbage-first heap   total 262144K, used 139665K [0x00000007e0000000, 0x0000000800000000)
  region size 1024K, 12 young (12288K), 5 survivors (5120K)
 Metaspace       used 110887K, capacity 113335K, committed 113536K, reserved 1148928K
  class space    used 12232K, capacity 13129K, committed 13260K, reserved 1048576K
}
Event: 31.244 GC heap after
{Heap after GC invocations=45 (full 0):
 garbage-first heap   total 262144K, used 129016K [0x00000007e0000000, 0x0000000800000000)
  region size 1024K, 2 young (2048K), 2 survivors (2048K)
 Metaspace       used 110887K, capacity 113335K, committed 113536K, reserved 1148928K
  class space    used 12232K, capacity 13129K, committed 13260K, reserved 1048576K
}
Event: 31.789 GC heap before
{Heap before GC invocations=45 (full 0):
 garbage-first heap   total 262144K, used 224248K [0x00000007e0000000, 0x0000000800000000)
  region size 1024K, 95 young (97280K), 2 survivors (2048K)
 Metaspace       used 113864K, capacity 116289K, committed 116608K, reserved 1153024K
  class space    used 12579K, capacity 13473K, committed 13516K, reserved 1048576K
}
Event: 31.794 GC heap after
{Heap after GC invocations=46 (full 0):
 garbage-first heap   total 262144K, used 131029K [0x00000007e0000000, 0x0000000800000000)
  region size 1024K, 4 young (4096K), 4 survivors (4096K)
 Metaspace       used 113864K, capacity 116289K, committed 116608K, reserved 1153024K
  class space    used 12579K, capacity 13473K, committed 13516K, reserved 1048576K
}
Event: 32.317 GC heap before
{Heap before GC invocations=47 (full 0):
 garbage-first heap   total 262144K, used 223189K [0x00000007e0000000, 0x0000000800000000)
  region size 1024K, 95 young (97280K), 4 survivors (4096K)
 Metaspace       used 116066K, capacity 118620K, committed 118912K, reserved 1155072K
  class space    used 12792K, capacity 13730K, committed 13772K, reserved 1048576K
}
Event: 32.322 GC heap after
{Heap after GC invocations=48 (full 0):
 garbage-first heap   total 262144K, used 133791K [0x00000007e0000000, 0x0000000800000000)
  region size 1024K, 6 young (6144K), 6 survivors (6144K)
 Metaspace       used 116066K, capacity 118620K, committed 118912K, reserved 1155072K
  class space    used 12792K, capacity 13730K, committed 13772K, reserved 1048576K
}
Event: 32.342 GC heap before
{Heap before GC invocations=48 (full 0):
 garbage-first heap   total 262144K, used 139935K [0x00000007e0000000, 0x0000000800000000)
  region size 1024K, 12 young (12288K), 6 survivors (6144K)
 Metaspace       used 116066K, capacity 118620K, committed 118912K, reserved 1155072K
  class space    used 12792K, capacity 13730K, committed 13772K, reserved 1048576K
}
Event: 32.349 GC heap after
{Heap after GC invocations=49 (full 0):
 garbage-first heap   total 262144K, used 128643K [0x00000007e0000000, 0x0000000800000000)
  region size 1024K, 1 young (1024K), 1 survivors (1024K)
 Metaspace       used 116066K, capacity 118620K, committed 118912K, reserved 1155072K
  class space    used 12792K, capacity 13730K, committed 13772K, reserved 1048576K
}
Event: 32.645 GC heap before
{Heap before GC invocations=49 (full 0):
 garbage-first heap   total 262144K, used 223875K [0x00000007e0000000, 0x0000000800000000)
  region size 1024K, 94 young (96256K), 1 survivors (1024K)
 Metaspace       used 116071K, capacity 118622K, committed 118912K, reserved 1155072K
  class space    used 12792K, capacity 13730K, committed 13772K, reserved 1048576K
}
Event: 32.650 GC heap after
{Heap after GC invocations=50 (full 0):
 garbage-first heap   total 262144K, used 132541K [0x00000007e0000000, 0x0000000800000000)
  region size 1024K, 5 young (5120K), 5 survivors (5120K)
 Metaspace       used 116071K, capacity 118622K, committed 118912K, reserved 1155072K
  class space    used 12792K, capacity 13730K, committed 13772K, reserved 1048576K
}

