# JRE version: Java(TM) SE Runtime Environment 18.9 (11.0.7+8) (build 11.0.7+8-LTS)
# Java VM: Java HotSpot(TM) 64-Bit Server VM 18.9 (11.0.7+8-LTS, mixed mode, tiered, compressed oops, g1 gc, bsd-amd64)
Heap:
 garbage-first heap   total 262144K, used 198689K [0x00000007e0000000, 0x0000000800000000)
  region size 1024K, 93 young (95232K), 9 survivors (9216K)
 Metaspace       used 109294K, capacity 111710K, committed 112044K, reserved 1148928K
  class space    used 12142K, capacity 13028K, committed 13132K, reserved 1048576K
GC Heap History (10 events):
Event: 18.780 GC heap before
{Heap before GC invocations=31 (full 0):
 garbage-first heap   total 262144K, used 220878K [0x00000007e0000000, 0x0000000800000000)
  region size 1024K, 129 young (132096K), 13 survivors (13312K)
 Metaspace       used 98117K, capacity 100081K, committed 100224K, reserved 1138688K
  class space    used 10896K, capacity 11632K, committed 11724K, reserved 1048576K
}
Event: 18.787 GC heap after
{Heap after GC invocations=32 (full 0):
 garbage-first heap   total 262144K, used 106530K [0x00000007e0000000, 0x0000000800000000)
  region size 1024K, 10 young (10240K), 10 survivors (10240K)
 Metaspace       used 98117K, capacity 100081K, committed 100224K, reserved 1138688K
  class space    used 10896K, capacity 11632K, committed 11724K, reserved 1048576K
}
Event: 18.915 GC heap before
{Heap before GC invocations=32 (full 0):
 garbage-first heap   total 262144K, used 136226K [0x00000007e0000000, 0x0000000800000000)
  region size 1024K, 40 young (40960K), 10 survivors (10240K)
 Metaspace       used 98639K, capacity 100700K, committed 100908K, reserved 1138688K
  class space    used 10956K, capacity 11689K, committed 11724K, reserved 1048576K
}
Event: 18.921 GC heap after
{Heap after GC invocations=33 (full 0):
 garbage-first heap   total 262144K, used 107760K [0x00000007e0000000, 0x0000000800000000)
  region size 1024K, 6 young (6144K), 6 survivors (6144K)
 Metaspace       used 98639K, capacity 100700K, committed 100908K, reserved 1138688K
  class space    used 10956K, capacity 11689K, committed 11724K, reserved 1048576K
}
Event: 19.741 GC heap before
{Heap before GC invocations=34 (full 0):
 garbage-first heap   total 262144K, used 220400K [0x00000007e0000000, 0x0000000800000000)
  region size 1024K, 116 young (118784K), 6 survivors (6144K)
 Metaspace       used 101744K, capacity 103815K, committed 104108K, reserved 1140736K
  class space    used 11295K, capacity 12090K, committed 12108K, reserved 1048576K
}
Event: 19.749 GC heap after
{Heap after GC invocations=35 (full 0):
 garbage-first heap   total 262144K, used 111970K [0x00000007e0000000, 0x0000000800000000)
  region size 1024K, 10 young (10240K), 10 survivors (10240K)
 Metaspace       used 101744K, capacity 103815K, committed 104108K, reserved 1140736K
  class space    used 11295K, capacity 12090K, committed 12108K, reserved 1048576K
}
Event: 20.439 GC heap before
{Heap before GC invocations=35 (full 0):
 garbage-first heap   total 262144K, used 220514K [0x00000007e0000000, 0x0000000800000000)
  region size 1024K, 116 young (118784K), 10 survivors (10240K)
 Metaspace       used 106058K, capacity 108327K, committed 108588K, reserved 1144832K
  class space    used 11776K, capacity 12617K, committed 12748K, reserved 1048576K
}
Event: 20.445 GC heap after
{Heap after GC invocations=36 (full 0):
 garbage-first heap   total 262144K, used 112707K [0x00000007e0000000, 0x0000000800000000)
  region size 1024K, 8 young (8192K), 8 survivors (8192K)
 Metaspace       used 106058K, capacity 108327K, committed 108588K, reserved 1144832K
  class space    used 11776K, capacity 12617K, committed 12748K, reserved 1048576K
}
Event: 21.097 GC heap before
{Heap before GC invocations=36 (full 0):
 garbage-first heap   total 262144K, used 222275K [0x00000007e0000000, 0x0000000800000000)
  region size 1024K, 115 young (117760K), 8 survivors (8192K)
 Metaspace       used 109221K, capacity 111569K, committed 111788K, reserved 1148928K
  class space    used 12139K, capacity 13024K, committed 13132K, reserved 1048576K
}
Event: 21.101 GC heap after
{Heap after GC invocations=37 (full 0):
 garbage-first heap   total 262144K, used 113697K [0x00000007e0000000, 0x0000000800000000)
  region size 1024K, 9 young (9216K), 9 survivors (9216K)
 Metaspace       used 109221K, capacity 111569K, committed 111788K, reserved 1148928K
  class space    used 12139K, capacity 13024K, committed 13132K, reserved 1048576K
}

