# JRE version: Java(TM) SE Runtime Environment 18.9 (11.0.7+8) (build 11.0.7+8-LTS)
# Java VM: Java HotSpot(TM) 64-Bit Server VM 18.9 (11.0.7+8-LTS, mixed mode, tiered, compressed oops, g1 gc, bsd-amd64)
Heap:
 garbage-first heap   total 262144K, used 161260K [0x00000007e0000000, 0x0000000800000000)
  region size 1024K, 38 young (38912K), 1 survivors (1024K)
 Metaspace       used 109989K, capacity 112388K, committed 112640K, reserved 1148928K
  class space    used 12169K, capacity 13056K, committed 13132K, reserved 1048576K
GC Heap History (10 events):
Event: 27.727 GC heap before
{Heap before GC invocations=42 (full 0):
 garbage-first heap   total 262144K, used 223091K [0x00000007e0000000, 0x0000000800000000)
  region size 1024K, 97 young (99328K), 9 survivors (9216K)
 Metaspace       used 109648K, capacity 112030K, committed 112384K, reserved 1148928K
  class space    used 12157K, capacity 13035K, committed 13132K, reserved 1048576K
}
Event: 27.731 GC heap after
{Heap after GC invocations=43 (full 0):
 garbage-first heap   total 262144K, used 127481K [0x00000007e0000000, 0x0000000800000000)
  region size 1024K, 6 young (6144K), 6 survivors (6144K)
 Metaspace       used 109648K, capacity 112030K, committed 112384K, reserved 1148928K
  class space    used 12157K, capacity 13035K, committed 13132K, reserved 1048576K
}
Event: 27.825 GC heap before
{Heap before GC invocations=43 (full 0):
 garbage-first heap   total 262144K, used 133625K [0x00000007e0000000, 0x0000000800000000)
  region size 1024K, 12 young (12288K), 6 survivors (6144K)
 Metaspace       used 109659K, capacity 112032K, committed 112384K, reserved 1148928K
  class space    used 12157K, capacity 13035K, committed 13132K, reserved 1048576K
}
Event: 27.830 GC heap after
{Heap after GC invocations=44 (full 0):
 garbage-first heap   total 262144K, used 120496K [0x00000007e0000000, 0x0000000800000000)
  region size 1024K, 2 young (2048K), 2 survivors (2048K)
 Metaspace       used 109659K, capacity 112032K, committed 112384K, reserved 1148928K
  class space    used 12157K, capacity 13035K, committed 13132K, reserved 1048576K
}
Event: 28.670 GC heap before
{Heap before GC invocations=44 (full 0):
 garbage-first heap   total 262144K, used 218800K [0x00000007e0000000, 0x0000000800000000)
  region size 1024K, 98 young (100352K), 2 survivors (2048K)
 Metaspace       used 109770K, capacity 112148K, committed 112384K, reserved 1148928K
  class space    used 12164K, capacity 13047K, committed 13132K, reserved 1048576K
}
Event: 28.675 GC heap after
{Heap after GC invocations=45 (full 0):
 garbage-first heap   total 262144K, used 121841K [0x00000007e0000000, 0x0000000800000000)
  region size 1024K, 3 young (3072K), 3 survivors (3072K)
 Metaspace       used 109770K, capacity 112148K, committed 112384K, reserved 1148928K
  class space    used 12164K, capacity 13047K, committed 13132K, reserved 1048576K
}
Event: 29.374 GC heap before
{Heap before GC invocations=46 (full 0):
 garbage-first heap   total 262144K, used 221169K [0x00000007e0000000, 0x0000000800000000)
  region size 1024K, 100 young (102400K), 3 survivors (3072K)
 Metaspace       used 109921K, capacity 112300K, committed 112640K, reserved 1148928K
  class space    used 12166K, capacity 13051K, committed 13132K, reserved 1048576K
}
Event: 29.378 GC heap after
{Heap after GC invocations=47 (full 0):
 garbage-first heap   total 262144K, used 125927K [0x00000007e0000000, 0x0000000800000000)
  region size 1024K, 7 young (7168K), 7 survivors (7168K)
 Metaspace       used 109921K, capacity 112300K, committed 112640K, reserved 1148928K
  class space    used 12166K, capacity 13051K, committed 13132K, reserved 1048576K
}
Event: 29.405 GC heap before
{Heap before GC invocations=47 (full 0):
 garbage-first heap   total 262144K, used 131047K [0x00000007e0000000, 0x0000000800000000)
  region size 1024K, 12 young (12288K), 7 survivors (7168K)
 Metaspace       used 109942K, capacity 112310K, committed 112640K, reserved 1148928K
  class space    used 12168K, capacity 13054K, committed 13132K, reserved 1048576K
}
Event: 29.411 GC heap after
{Heap after GC invocations=48 (full 0):
 garbage-first heap   total 262144K, used 124396K [0x00000007e0000000, 0x0000000800000000)
  region size 1024K, 1 young (1024K), 1 survivors (1024K)
 Metaspace       used 109942K, capacity 112310K, committed 112640K, reserved 1148928K
  class space    used 12168K, capacity 13054K, committed 13132K, reserved 1048576K
}

